2024-10-23 22:59:31,460 - INFO - Service start
2024-10-23 22:59:37,001 - INFO - Dealing with email {'id': '192b8cfe9a13ab4b', 'threadId': '192b8cfe9a13ab4b'}
2024-10-23 23:00:38,251 - INFO - Service start
2024-10-23 23:00:41,303 - INFO - Dealing with email {'id': '192b8cfe9a13ab4b', 'threadId': '192b8cfe9a13ab4b'}
2024-10-23 23:00:45,800 - INFO - Dealing with email {'id': '192b8cfc3007e96c', 'threadId': '192b8cfc3007e96c'}
2024-10-23 23:00:49,787 - INFO - Dealing with email {'id': '192b8cfa16cfde6f', 'threadId': '192b8cfa16cfde6f'}
2024-10-23 23:00:53,329 - INFO - Dealing with email {'id': '192b8cf797d19108', 'threadId': '192b8cf797d19108'}
2024-10-23 23:00:57,776 - INFO - Dealing with email {'id': '192b8cf571f46e1a', 'threadId': '192b8cf571f46e1a'}
2024-10-23 23:01:03,667 - INFO - Dealing with email {'id': '192b8cf3dd829476', 'threadId': '192b8cf3dd829476'}
2024-10-23 23:01:08,675 - INFO - Dealing with email {'id': '192b38b24876c310', 'threadId': '192b38b24876c310'}
2024-10-23 23:01:13,349 - INFO - Dealing with email {'id': '192aa7ba4f447dc1', 'threadId': '192aa3473cf8d027'}
2024-10-23 23:01:17,003 - INFO - Dealing with email {'id': '192aa7a6a7b29ad0', 'threadId': '192aa3a4183e21c7'}
2024-10-23 23:01:22,548 - INFO - Dealing with email {'id': '192aa7a1da87140d', 'threadId': '192aa3803b898eb6'}
2024-10-23 23:01:27,754 - INFO - Dealing with email {'id': '192aa793305b525d', 'threadId': '192aa399fc99a272'}
2024-10-23 23:01:31,698 - INFO - Dealing with email {'id': '192aa4020c2a945b', 'threadId': '192aa4020c2a945b'}
2024-10-23 23:01:35,473 - INFO - Dealing with email {'id': '192aa3fee8a75b3e', 'threadId': '192aa3fee8a75b3e'}
2024-10-23 23:01:39,321 - INFO - Dealing with email {'id': '192aa3f282b42025', 'threadId': '192aa3f282b42025'}
2024-10-23 23:01:42,602 - INFO - Dealing with email {'id': '192aa3ebd96e6101', 'threadId': '192aa3ebd96e6101'}
2024-10-23 23:01:45,882 - INFO - Dealing with email {'id': '192aa3da520a1b11', 'threadId': '192aa3da520a1b11'}
2024-10-23 23:01:49,666 - INFO - Dealing with email {'id': '192aa32c5c32171c', 'threadId': '192aa32c5c32171c'}
2024-10-23 23:01:54,515 - INFO - Dealing with email {'id': '192aa321ccc16f16', 'threadId': '192aa321ccc16f16'}
2024-10-23 23:01:59,193 - INFO - Completed
2024-10-23 23:01:59,194 - CRITICAL - Failed email id - []
2024-10-23 23:01:59,257 - INFO - Service end
2024-10-23 23:26:53,445 - INFO - Service start
2024-10-23 23:26:56,413 - INFO - Dealing with email {'id': '192aa7ba4f447dc1', 'threadId': '192aa3473cf8d027'}
2024-10-23 23:26:59,856 - INFO - Dealing with email {'id': '192aa7a6a7b29ad0', 'threadId': '192aa3a4183e21c7'}
2024-10-23 23:27:03,573 - INFO - Dealing with email {'id': '192aa7a1da87140d', 'threadId': '192aa3803b898eb6'}
2024-10-23 23:27:07,230 - INFO - Dealing with email {'id': '192aa793305b525d', 'threadId': '192aa399fc99a272'}
2024-10-23 23:27:10,721 - INFO - Dealing with email {'id': '192aa4020c2a945b', 'threadId': '192aa4020c2a945b'}
2024-10-23 23:27:13,790 - INFO - Dealing with email {'id': '192aa3fee8a75b3e', 'threadId': '192aa3fee8a75b3e'}
2024-10-23 23:27:16,954 - INFO - Dealing with email {'id': '192aa3f282b42025', 'threadId': '192aa3f282b42025'}
2024-10-23 23:27:19,826 - INFO - Dealing with email {'id': '192aa3ebd96e6101', 'threadId': '192aa3ebd96e6101'}
2024-10-23 23:27:22,775 - INFO - Dealing with email {'id': '192aa3da520a1b11', 'threadId': '192aa3da520a1b11'}
2024-10-23 23:27:25,876 - INFO - Dealing with email {'id': '192aa32c5c32171c', 'threadId': '192aa32c5c32171c'}
2024-10-23 23:27:30,079 - INFO - Dealing with email {'id': '192aa321ccc16f16', 'threadId': '192aa321ccc16f16'}
2024-10-23 23:27:34,274 - INFO - Completed
2024-10-23 23:27:34,275 - CRITICAL - Failed email id - []
2024-10-23 23:27:34,373 - INFO - Service end
2024-10-23 23:29:05,371 - INFO - Service start
2024-10-23 23:29:08,406 - INFO - Dealing with email {'id': '192b8cfe9a13ab4b', 'threadId': '192b8cfe9a13ab4b'}
2024-10-23 23:29:12,094 - INFO - Dealing with email {'id': '192b8cfc3007e96c', 'threadId': '192b8cfc3007e96c'}
2024-10-23 23:29:16,960 - INFO - Dealing with email {'id': '192b8cfa16cfde6f', 'threadId': '192b8cfa16cfde6f'}
2024-10-23 23:29:21,710 - INFO - Dealing with email {'id': '192b8cf797d19108', 'threadId': '192b8cf797d19108'}
2024-10-23 23:29:26,626 - INFO - Dealing with email {'id': '192b8cf571f46e1a', 'threadId': '192b8cf571f46e1a'}
2024-10-23 23:29:33,512 - INFO - Dealing with email {'id': '192b8cf3dd829476', 'threadId': '192b8cf3dd829476'}
2024-10-23 23:29:39,090 - INFO - Dealing with email {'id': '192b38b24876c310', 'threadId': '192b38b24876c310'}
2024-10-23 23:29:43,023 - INFO - Completed
2024-10-23 23:29:43,023 - CRITICAL - Failed email id - []
2024-10-23 23:29:43,085 - INFO - Service end
2024-10-24 00:30:39,670 - INFO - Service start
2024-10-24 00:30:55,313 - INFO - Dealing with email {'id': '192ba00e1eefdd1f', 'threadId': '192ba00e1eefdd1f'}
2024-10-24 00:30:59,036 - INFO - Completed
2024-10-24 00:30:59,036 - CRITICAL - Failed email id - []
2024-10-24 00:30:59,092 - INFO - Service end
2024-10-24 08:33:56,894 - INFO - Service start
2024-10-24 08:34:00,521 - INFO - Dealing with email {'id': '192ba7175afbd99a', 'threadId': '192ba7175afbd99a'}
2024-10-24 08:34:03,610 - INFO - Completed
2024-10-24 08:34:03,610 - CRITICAL - Failed email id - []
2024-10-24 08:34:03,641 - INFO - Service end
